{"total": {"lines":{"total":54,"covered":51,"skipped":0,"pct":94.44},"statements":{"total":54,"covered":51,"skipped":0,"pct":94.44},"functions":{"total":4,"covered":4,"skipped":0,"pct":100},"branches":{"total":43,"covered":41,"skipped":0,"pct":95.34},"branchesTrue":{"total":0,"covered":0,"skipped":0,"pct":100}}
,"/home/camacho/Escritorio/PRACTICA-CIBER-PPS/src/routes/records.js": {"lines":{"total":26,"covered":23,"skipped":0,"pct":88.46},"functions":{"total":2,"covered":2,"skipped":0,"pct":100},"statements":{"total":26,"covered":23,"skipped":0,"pct":88.46},"branches":{"total":11,"covered":9,"skipped":0,"pct":81.81}}
,"/home/camacho/Escritorio/PRACTICA-CIBER-PPS/tests/calculator-wrapper.js": {"lines":{"total":28,"covered":28,"skipped":0,"pct":100},"functions":{"total":2,"covered":2,"skipped":0,"pct":100},"statements":{"total":28,"covered":28,"skipped":0,"pct":100},"branches":{"total":32,"covered":32,"skipped":0,"pct":100}}
}
